<?xml version="1.0" encoding="UTF-8"?>
<!-- Generated by org.testng.reporters.JUnitXMLReporter -->
<testsuite hostname="QTLSYS2-34" ignored="0" name="Default test" tests="69" failures="1" timestamp="26 Jun 2020 13:24:10 GMT" time="6.84" errors="0">
  <testcase name="@AfterMethod getResult" time="0.0" classname="pack.AA_CO_ILP">
    <failure type="java.lang.NullPointerException">
      <![CDATA[java.lang.NullPointerException
at pack.AA_CO_ILP.getScreenhot(AA_CO_ILP.java:4409)
at pack.AA_CO_ILP.getResult(AA_CO_ILP.java:4390)
at sun.reflect.NativeMethodAccessorImpl.invoke0(Native Method)
at sun.reflect.NativeMethodAccessorImpl.invoke(Unknown Source)
at sun.reflect.DelegatingMethodAccessorImpl.invoke(Unknown Source)
at java.lang.reflect.Method.invoke(Unknown Source)
at org.testng.internal.MethodInvocationHelper.invokeMethod(MethodInvocationHelper.java:124)
at org.testng.internal.MethodInvocationHelper.invokeMethodConsideringTimeout(MethodInvocationHelper.java:59)
at org.testng.internal.Invoker.invokeConfigurationMethod(Invoker.java:455)
at org.testng.internal.Invoker.invokeConfigurations(Invoker.java:222)
at org.testng.internal.Invoker.invokeMethod(Invoker.java:643)
at org.testng.internal.Invoker.invokeTestMethod(Invoker.java:716)
at org.testng.internal.Invoker.invokeTestMethods(Invoker.java:988)
at org.testng.internal.TestMethodWorker.invokeTestMethods(TestMethodWorker.java:125)
at org.testng.internal.TestMethodWorker.run(TestMethodWorker.java:109)
at org.testng.TestRunner.privateRun(TestRunner.java:648)
at org.testng.TestRunner.run(TestRunner.java:505)
at org.testng.SuiteRunner.runTest(SuiteRunner.java:455)
at org.testng.SuiteRunner.runSequentially(SuiteRunner.java:450)
at org.testng.SuiteRunner.privateRun(SuiteRunner.java:415)
at org.testng.SuiteRunner.run(SuiteRunner.java:364)
at org.testng.SuiteRunnerWorker.runSuite(SuiteRunnerWorker.java:52)
at org.testng.SuiteRunnerWorker.run(SuiteRunnerWorker.java:84)
at org.testng.TestNG.runSuitesSequentially(TestNG.java:1208)
at org.testng.TestNG.runSuitesLocally(TestNG.java:1137)
at org.testng.TestNG.runSuites(TestNG.java:1049)
at org.testng.TestNG.run(TestNG.java:1017)
at org.testng.remote.AbstractRemoteTestNG.run(AbstractRemoteTestNG.java:114)
at org.testng.remote.RemoteTestNG.initAndRun(RemoteTestNG.java:251)
at org.testng.remote.RemoteTestNG.main(RemoteTestNG.java:77)
]]>
    </failure>
  </testcase> <!-- @AfterMethod getResult -->
  <testcase name="@AfterMethod tearDown" time="0.0" classname="pack.AA_CO_ILP">
    <skipped/>
  </testcase> <!-- @AfterMethod tearDown -->
  <testcase name="@AfterMethod tearDown" time="0.0" classname="pack.AA_CO_ILP">
    <skipped/>
  </testcase> <!-- @AfterMethod tearDown -->
  <testcase name="@AfterMethod tearDown" time="0.0" classname="pack.AA_CO_ILP">
    <skipped/>
  </testcase> <!-- @AfterMethod tearDown -->
  <testcase name="@AfterMethod tearDown" time="0.0" classname="pack.AA_CO_ILP">
    <skipped/>
  </testcase> <!-- @AfterMethod tearDown -->
  <testcase name="@AfterMethod tearDown" time="0.0" classname="pack.AA_CO_ILP">
    <skipped/>
  </testcase> <!-- @AfterMethod tearDown -->
  <testcase name="@AfterMethod tearDown" time="0.0" classname="pack.AA_CO_ILP">
    <skipped/>
  </testcase> <!-- @AfterMethod tearDown -->
  <testcase name="@AfterMethod tearDown" time="0.0" classname="pack.AA_CO_ILP">
    <skipped/>
  </testcase> <!-- @AfterMethod tearDown -->
  <testcase name="@AfterMethod tearDown" time="0.0" classname="pack.AA_CO_ILP">
    <skipped/>
  </testcase> <!-- @AfterMethod tearDown -->
  <testcase name="@AfterMethod tearDown" time="0.0" classname="pack.AA_CO_ILP">
    <skipped/>
  </testcase> <!-- @AfterMethod tearDown -->
  <testcase name="@AfterMethod tearDown" time="0.0" classname="pack.AA_CO_ILP">
    <skipped/>
  </testcase> <!-- @AfterMethod tearDown -->
  <testcase name="@AfterMethod tearDown" time="0.0" classname="pack.AA_CO_ILP">
    <skipped/>
  </testcase> <!-- @AfterMethod tearDown -->
  <testcase name="@AfterMethod tearDown" time="0.0" classname="pack.AA_CO_ILP">
    <skipped/>
  </testcase> <!-- @AfterMethod tearDown -->
  <testcase name="@AfterMethod tearDown" time="0.0" classname="pack.AA_CO_ILP">
    <skipped/>
  </testcase> <!-- @AfterMethod tearDown -->
  <testcase name="@AfterMethod tearDown" time="0.0" classname="pack.AA_CO_ILP">
    <skipped/>
  </testcase> <!-- @AfterMethod tearDown -->
  <testcase name="@AfterMethod tearDown" time="0.0" classname="pack.AA_CO_ILP">
    <skipped/>
  </testcase> <!-- @AfterMethod tearDown -->
  <testcase name="@AfterMethod tearDown" time="0.0" classname="pack.AA_CO_ILP">
    <skipped/>
  </testcase> <!-- @AfterMethod tearDown -->
  <testcase name="@AfterMethod tearDown" time="0.0" classname="pack.AA_CO_ILP">
    <skipped/>
  </testcase> <!-- @AfterMethod tearDown -->
  <testcase name="@AfterMethod tearDown" time="0.0" classname="pack.AA_CO_ILP">
    <skipped/>
  </testcase> <!-- @AfterMethod tearDown -->
  <testcase name="@AfterMethod tearDown" time="0.0" classname="pack.AA_CO_ILP">
    <skipped/>
  </testcase> <!-- @AfterMethod tearDown -->
  <testcase name="@AfterMethod tearDown" time="0.0" classname="pack.AA_CO_ILP">
    <skipped/>
  </testcase> <!-- @AfterMethod tearDown -->
  <testcase name="@AfterMethod tearDown" time="0.0" classname="pack.AA_CO_ILP">
    <skipped/>
  </testcase> <!-- @AfterMethod tearDown -->
  <testcase name="@AfterMethod tearDown" time="0.0" classname="pack.AA_CO_ILP">
    <skipped/>
  </testcase> <!-- @AfterMethod tearDown -->
  <testcase name="@AfterMethod tearDown" time="0.0" classname="pack.AA_CO_ILP">
    <skipped/>
  </testcase> <!-- @AfterMethod tearDown -->
  <testcase name="@AfterMethod tearDown" time="0.0" classname="pack.AA_CO_ILP">
    <skipped/>
  </testcase> <!-- @AfterMethod tearDown -->
  <testcase name="@AfterMethod tearDown" time="0.0" classname="pack.AA_CO_ILP">
    <skipped/>
  </testcase> <!-- @AfterMethod tearDown -->
  <testcase name="@AfterMethod tearDown" time="0.0" classname="pack.AA_CO_ILP">
    <skipped/>
  </testcase> <!-- @AfterMethod tearDown -->
  <testcase name="@AfterMethod tearDown" time="0.0" classname="pack.AA_CO_ILP">
    <skipped/>
  </testcase> <!-- @AfterMethod tearDown -->
  <testcase name="@AfterMethod tearDown" time="0.0" classname="pack.AA_CO_ILP">
    <skipped/>
  </testcase> <!-- @AfterMethod tearDown -->
  <testcase name="@AfterMethod tearDown" time="0.0" classname="pack.AA_CO_ILP">
    <skipped/>
  </testcase> <!-- @AfterMethod tearDown -->
  <testcase name="@AfterMethod tearDown" time="0.0" classname="pack.AA_CO_ILP">
    <skipped/>
  </testcase> <!-- @AfterMethod tearDown -->
  <testcase name="@AfterMethod tearDown" time="0.0" classname="pack.AA_CO_ILP">
    <skipped/>
  </testcase> <!-- @AfterMethod tearDown -->
  <testcase name="@AfterMethod tearDown" time="0.0" classname="pack.AA_CO_ILP">
    <skipped/>
  </testcase> <!-- @AfterMethod tearDown -->
  <testcase name="@AfterMethod tearDown" time="0.0" classname="pack.AA_CO_ILP">
    <skipped/>
  </testcase> <!-- @AfterMethod tearDown -->
  <testcase name="@AfterMethod tearDown" time="0.0" classname="pack.AA_CO_ILP">
    <skipped/>
  </testcase> <!-- @AfterMethod tearDown -->
  <testcase name="@AfterMethod tearDown" time="0.0" classname="pack.AA_CO_ILP">
    <skipped/>
  </testcase> <!-- @AfterMethod tearDown -->
  <testcase name="@AfterMethod tearDown" time="0.0" classname="pack.AA_CO_ILP">
    <skipped/>
  </testcase> <!-- @AfterMethod tearDown -->
  <testcase name="@AfterMethod tearDown" time="0.0" classname="pack.AA_CO_ILP">
    <skipped/>
  </testcase> <!-- @AfterMethod tearDown -->
  <testcase name="@AfterMethod tearDown" time="0.0" classname="pack.AA_CO_ILP">
    <skipped/>
  </testcase> <!-- @AfterMethod tearDown -->
  <testcase name="@AfterMethod tearDown" time="0.0" classname="pack.AA_CO_ILP">
    <skipped/>
  </testcase> <!-- @AfterMethod tearDown -->
  <testcase name="@AfterMethod tearDown" time="0.0" classname="pack.AA_CO_ILP">
    <skipped/>
  </testcase> <!-- @AfterMethod tearDown -->
  <testcase name="@AfterMethod tearDown" time="0.0" classname="pack.AA_CO_ILP">
    <skipped/>
  </testcase> <!-- @AfterMethod tearDown -->
  <testcase name="@AfterMethod tearDown" time="0.0" classname="pack.AA_CO_ILP">
    <skipped/>
  </testcase> <!-- @AfterMethod tearDown -->
  <testcase name="@AfterMethod tearDown" time="0.0" classname="pack.AA_CO_ILP">
    <skipped/>
  </testcase> <!-- @AfterMethod tearDown -->
  <testcase name="@AfterMethod tearDown" time="0.0" classname="pack.AA_CO_ILP">
    <skipped/>
  </testcase> <!-- @AfterMethod tearDown -->
  <testcase name="@AfterMethod tearDown" time="0.0" classname="pack.AA_CO_ILP">
    <skipped/>
  </testcase> <!-- @AfterMethod tearDown -->
  <testcase name="@AfterMethod tearDown" time="0.0" classname="pack.AA_CO_ILP">
    <skipped/>
  </testcase> <!-- @AfterMethod tearDown -->
  <testcase name="@AfterMethod tearDown" time="0.0" classname="pack.AA_CO_ILP">
    <skipped/>
  </testcase> <!-- @AfterMethod tearDown -->
  <testcase name="@AfterMethod tearDown" time="0.0" classname="pack.AA_CO_ILP">
    <skipped/>
  </testcase> <!-- @AfterMethod tearDown -->
  <testcase name="@AfterMethod tearDown" time="0.0" classname="pack.AA_CO_ILP">
    <skipped/>
  </testcase> <!-- @AfterMethod tearDown -->
  <testcase name="@AfterMethod tearDown" time="0.0" classname="pack.AA_CO_ILP">
    <skipped/>
  </testcase> <!-- @AfterMethod tearDown -->
  <testcase name="@AfterMethod tearDown" time="0.0" classname="pack.AA_CO_ILP">
    <skipped/>
  </testcase> <!-- @AfterMethod tearDown -->
  <testcase name="@AfterMethod tearDown" time="0.0" classname="pack.AA_CO_ILP">
    <skipped/>
  </testcase> <!-- @AfterMethod tearDown -->
  <testcase name="@AfterMethod tearDown" time="0.0" classname="pack.AA_CO_ILP">
    <skipped/>
  </testcase> <!-- @AfterMethod tearDown -->
  <testcase name="@AfterMethod tearDown" time="0.0" classname="pack.AA_CO_ILP">
    <skipped/>
  </testcase> <!-- @AfterMethod tearDown -->
  <testcase name="@AfterMethod tearDown" time="0.0" classname="pack.AA_CO_ILP">
    <skipped/>
  </testcase> <!-- @AfterMethod tearDown -->
  <testcase name="@AfterMethod tearDown" time="0.0" classname="pack.AA_CO_ILP">
    <skipped/>
  </testcase> <!-- @AfterMethod tearDown -->
  <testcase name="@AfterMethod tearDown" time="0.0" classname="pack.AA_CO_ILP">
    <skipped/>
  </testcase> <!-- @AfterMethod tearDown -->
  <testcase name="@AfterMethod tearDown" time="0.0" classname="pack.AA_CO_ILP">
    <skipped/>
  </testcase> <!-- @AfterMethod tearDown -->
  <testcase name="@AfterMethod tearDown" time="0.0" classname="pack.AA_CO_ILP">
    <skipped/>
  </testcase> <!-- @AfterMethod tearDown -->
  <testcase name="@AfterMethod tearDown" time="0.0" classname="pack.AA_CO_ILP">
    <skipped/>
  </testcase> <!-- @AfterMethod tearDown -->
  <testcase name="@AfterMethod tearDown" time="0.0" classname="pack.AA_CO_ILP">
    <skipped/>
  </testcase> <!-- @AfterMethod tearDown -->
  <testcase name="@AfterMethod tearDown" time="0.0" classname="pack.AA_CO_ILP">
    <skipped/>
  </testcase> <!-- @AfterMethod tearDown -->
  <testcase name="@AfterMethod tearDown" time="0.0" classname="pack.AA_CO_ILP">
    <skipped/>
  </testcase> <!-- @AfterMethod tearDown -->
  <testcase name="@AfterMethod tearDown" time="0.0" classname="pack.AA_CO_ILP">
    <skipped/>
  </testcase> <!-- @AfterMethod tearDown -->
  <testcase name="@AfterMethod tearDown" time="0.0" classname="pack.AA_CO_ILP">
    <skipped/>
  </testcase> <!-- @AfterMethod tearDown -->
  <testcase name="@AfterMethod tearDown" time="0.0" classname="pack.AA_CO_ILP">
    <skipped/>
  </testcase> <!-- @AfterMethod tearDown -->
  <testcase name="@AfterMethod tearDown" time="0.0" classname="pack.AA_CO_ILP">
    <skipped/>
  </testcase> <!-- @AfterMethod tearDown -->
  <testcase name="@AfterMethod tearDown" time="0.0" classname="pack.AA_CO_ILP">
    <skipped/>
  </testcase> <!-- @AfterMethod tearDown -->
  <testcase name="@AfterMethod tearDown" time="0.0" classname="pack.AA_CO_ILP">
    <skipped/>
  </testcase> <!-- @AfterMethod tearDown -->
  <testcase name="@AfterClass quit" time="0.0" classname="pack.AA_CO_ILP">
    <failure type="java.lang.NullPointerException">
      <![CDATA[java.lang.NullPointerException
at pack.AA_CO_ILP.quit(AA_CO_ILP.java:4432)
at sun.reflect.NativeMethodAccessorImpl.invoke0(Native Method)
at sun.reflect.NativeMethodAccessorImpl.invoke(Unknown Source)
at sun.reflect.DelegatingMethodAccessorImpl.invoke(Unknown Source)
at java.lang.reflect.Method.invoke(Unknown Source)
at org.testng.internal.MethodInvocationHelper.invokeMethod(MethodInvocationHelper.java:124)
at org.testng.internal.MethodInvocationHelper.invokeMethodConsideringTimeout(MethodInvocationHelper.java:59)
at org.testng.internal.Invoker.invokeConfigurationMethod(Invoker.java:455)
at org.testng.internal.Invoker.invokeConfigurations(Invoker.java:222)
at org.testng.internal.Invoker.invokeConfigurations(Invoker.java:142)
at org.testng.internal.TestMethodWorker.invokeAfterClassMethods(TestMethodWorker.java:214)
at org.testng.internal.TestMethodWorker.run(TestMethodWorker.java:111)
at org.testng.TestRunner.privateRun(TestRunner.java:648)
at org.testng.TestRunner.run(TestRunner.java:505)
at org.testng.SuiteRunner.runTest(SuiteRunner.java:455)
at org.testng.SuiteRunner.runSequentially(SuiteRunner.java:450)
at org.testng.SuiteRunner.privateRun(SuiteRunner.java:415)
at org.testng.SuiteRunner.run(SuiteRunner.java:364)
at org.testng.SuiteRunnerWorker.runSuite(SuiteRunnerWorker.java:52)
at org.testng.SuiteRunnerWorker.run(SuiteRunnerWorker.java:84)
at org.testng.TestNG.runSuitesSequentially(TestNG.java:1208)
at org.testng.TestNG.runSuitesLocally(TestNG.java:1137)
at org.testng.TestNG.runSuites(TestNG.java:1049)
at org.testng.TestNG.run(TestNG.java:1017)
at org.testng.remote.AbstractRemoteTestNG.run(AbstractRemoteTestNG.java:114)
at org.testng.remote.RemoteTestNG.initAndRun(RemoteTestNG.java:251)
at org.testng.remote.RemoteTestNG.main(RemoteTestNG.java:77)
]]>
    </failure>
  </testcase> <!-- @AfterClass quit -->
  <testcase name="@AfterTest tearDown" time="0.0" classname="pack.AA_CO_ILP">
    <skipped/>
  </testcase> <!-- @AfterTest tearDown -->
  <testcase name="BorrowerRegistration_ActiveMilitary_NewLoanNotProcessed_" time="0.219" classname="pack.AA_CO_ILP">
    <failure type="java.lang.NullPointerException">
      <![CDATA[java.lang.NullPointerException
at pack.Login.Login(Login.java:56)
at pack.AA_CO_ILP.BorrowerRegistration_ActiveMilitary_NewLoanNotProcessed_(AA_CO_ILP.java:1130)
at sun.reflect.NativeMethodAccessorImpl.invoke0(Native Method)
at sun.reflect.NativeMethodAccessorImpl.invoke(Unknown Source)
at sun.reflect.DelegatingMethodAccessorImpl.invoke(Unknown Source)
at java.lang.reflect.Method.invoke(Unknown Source)
at org.testng.internal.MethodInvocationHelper.invokeMethod(MethodInvocationHelper.java:124)
at org.testng.internal.Invoker.invokeMethod(Invoker.java:580)
at org.testng.internal.Invoker.invokeTestMethod(Invoker.java:716)
at org.testng.internal.Invoker.invokeTestMethods(Invoker.java:988)
at org.testng.internal.TestMethodWorker.invokeTestMethods(TestMethodWorker.java:125)
at org.testng.internal.TestMethodWorker.run(TestMethodWorker.java:109)
at org.testng.TestRunner.privateRun(TestRunner.java:648)
at org.testng.TestRunner.run(TestRunner.java:505)
at org.testng.SuiteRunner.runTest(SuiteRunner.java:455)
at org.testng.SuiteRunner.runSequentially(SuiteRunner.java:450)
at org.testng.SuiteRunner.privateRun(SuiteRunner.java:415)
at org.testng.SuiteRunner.run(SuiteRunner.java:364)
at org.testng.SuiteRunnerWorker.runSuite(SuiteRunnerWorker.java:52)
at org.testng.SuiteRunnerWorker.run(SuiteRunnerWorker.java:84)
at org.testng.TestNG.runSuitesSequentially(TestNG.java:1208)
at org.testng.TestNG.runSuitesLocally(TestNG.java:1137)
at org.testng.TestNG.runSuites(TestNG.java:1049)
at org.testng.TestNG.run(TestNG.java:1017)
at org.testng.remote.AbstractRemoteTestNG.run(AbstractRemoteTestNG.java:114)
at org.testng.remote.RemoteTestNG.initAndRun(RemoteTestNG.java:251)
at org.testng.remote.RemoteTestNG.main(RemoteTestNG.java:77)
]]>
    </failure>
  </testcase> <!-- BorrowerRegistration_ActiveMilitary_NewLoanNotProcessed_ -->
  <testcase name="Login_Homescreen_Borrower_Registration_NewLoan_verify_" time="0.0" classname="pack.AA_CO_ILP">
    <skipped/>
  </testcase> <!-- Login_Homescreen_Borrower_Registration_NewLoan_verify_ -->
  <testcase name="Login_Homescreen_Borrower_Registration_NewLoan_Monthly" time="0.0" classname="pack.AA_CO_ILP">
    <skipped/>
  </testcase> <!-- Login_Homescreen_Borrower_Registration_NewLoan_Monthly -->
  <testcase name="Login_Homescreen_Borrower_Registration_NewLoan_BiWeekly__" time="0.0" classname="pack.AA_CO_ILP">
    <skipped/>
  </testcase> <!-- Login_Homescreen_Borrower_Registration_NewLoan_BiWeekly__ -->
  <testcase name="Login_Homescreen_Borrower_Registration_NewLoan_Weekly_" time="0.0" classname="pack.AA_CO_ILP">
    <skipped/>
  </testcase> <!-- Login_Homescreen_Borrower_Registration_NewLoan_Weekly_ -->
  <testcase name="Login_Homescreen_Borrower_Registration_NewLoan_ACH_" time="0.0" classname="pack.AA_CO_ILP">
    <skipped/>
  </testcase> <!-- Login_Homescreen_Borrower_Registration_NewLoan_ACH_ -->
  <testcase name="Login_Homescreen_Borrower_Registration_NewLoan_MultiDisb_" time="0.0" classname="pack.AA_CO_ILP">
    <skipped/>
  </testcase> <!-- Login_Homescreen_Borrower_Registration_NewLoan_MultiDisb_ -->
  <testcase name="CO_ILP_NewLoanVoid" time="0.0" classname="pack.AA_CO_ILP">
    <skipped/>
  </testcase> <!-- CO_ILP_NewLoanVoid -->
  <testcase name="loan_VoidEncryption" time="0.0" classname="pack.AA_CO_ILP">
    <skipped/>
  </testcase> <!-- loan_VoidEncryption -->
  <testcase name="CO_ILP_NewLoanRescind" time="0.0" classname="pack.AA_CO_ILP">
    <skipped/>
  </testcase> <!-- CO_ILP_NewLoanRescind -->
  <testcase name="CO_ILP_MultipleDisbNewLoan_Void" time="0.0" classname="pack.AA_CO_ILP">
    <skipped/>
  </testcase> <!-- CO_ILP_MultipleDisbNewLoan_Void -->
  <testcase name="LonI_StoreDateafterRescindPeriod_Payment_selectpayanyotheramt_Pymtamtlessthan1stint" time="0.0" classname="pack.AA_CO_ILP">
    <skipped/>
  </testcase> <!-- LonI_StoreDateafterRescindPeriod_Payment_selectpayanyotheramt_Pymtamtlessthan1stint -->
  <testcase name="LonI_RunEODbatchon1Instduedate_Payment_PayPastDue_NextInstallment" time="0.0" classname="pack.AA_CO_ILP">
    <skipped/>
  </testcase> <!-- LonI_RunEODbatchon1Instduedate_Payment_PayPastDue_NextInstallment -->
  <testcase name="LonI_RunEODbatchon1Instduedate_AgainEODbatchfrom10thdayof1stInstduedate_Payment_Pastdue_1stInstamt" time="0.0" classname="pack.AA_CO_ILP">
    <skipped/>
  </testcase> <!-- LonI_RunEODbatchon1Instduedate_AgainEODbatchfrom10thdayof1stInstduedate_Payment_Pastdue_1stInstamt -->
  <testcase name="LonI_StoreDateafterRescindPeriod_Payment_selectpayanyotheramt_Pymtamtlessthan1stint_VoidPymt" time="0.0" classname="pack.AA_CO_ILP">
    <skipped/>
  </testcase> <!-- LonI_StoreDateafterRescindPeriod_Payment_selectpayanyotheramt_Pymtamtlessthan1stint_VoidPymt -->
  <testcase name="LonI_RunEODbatchon1Instduedate_Payment_PayPastDue_NextInstallment_VoidPymt" time="0.0" classname="pack.AA_CO_ILP">
    <skipped/>
  </testcase> <!-- LonI_RunEODbatchon1Instduedate_Payment_PayPastDue_NextInstallment_VoidPymt -->
  <testcase name="LonI_RunEODbatchon1Instduedate_AgainEODbatchfrom10thdayof1stInstduedate_Payment_Pastdue_1stInstamt_Void" time="0.0" classname="pack.AA_CO_ILP">
    <skipped/>
  </testcase> <!-- LonI_RunEODbatchon1Instduedate_AgainEODbatchfrom10thdayof1stInstduedate_Payment_Pastdue_1stInstamt_Void -->
  <testcase name="Loan_Deposit_Rtn_paymentLessthanLoanAmount" time="0.0" classname="pack.AA_CO_ILP">
    <skipped/>
  </testcase> <!-- Loan_Deposit_Rtn_paymentLessthanLoanAmount -->
  <testcase name="Loan_Deposit_Rtn_paymentGreaterthanLoanAmount" time="0.0" classname="pack.AA_CO_ILP">
    <skipped/>
  </testcase> <!-- Loan_Deposit_Rtn_paymentGreaterthanLoanAmount -->
  <testcase name="Loan_Deposit_RTN_EODBatchon10days_PaymentGeterthanLoanAmount" time="0.0" classname="pack.AA_CO_ILP">
    <skipped/>
  </testcase> <!-- Loan_Deposit_RTN_EODBatchon10days_PaymentGeterthanLoanAmount -->
  <testcase name="LonI_1stInstdeposit_return_Payment_lessthan1stInstamount_VoidPayment" time="0.0" classname="pack.AA_CO_ILP">
    <skipped/>
  </testcase> <!-- LonI_1stInstdeposit_return_Payment_lessthan1stInstamount_VoidPayment -->
  <testcase name="Loan_Deposit_Rtn_paymentLessthanLoanAmount_Void" time="0.0" classname="pack.AA_CO_ILP">
    <skipped/>
  </testcase> <!-- Loan_Deposit_Rtn_paymentLessthanLoanAmount_Void -->
  <testcase name="Loan_1stDep_Ret_EODBatch10daysDueDate_PmtGreaterthanInstAmt_Void_" time="0.0" classname="pack.AA_CO_ILP">
    <skipped/>
  </testcase> <!-- Loan_1stDep_Ret_EODBatch10daysDueDate_PmtGreaterthanInstAmt_Void_ -->
  <testcase name="Loan_PaymentinCSRPortel" time="0.0" classname="pack.AA_CO_ILP">
    <skipped/>
  </testcase> <!-- Loan_PaymentinCSRPortel -->
  <testcase name="AA_Loan_1stInstallmentPayments" time="0.0" classname="pack.AA_CO_ILP">
    <skipped/>
  </testcase> <!-- AA_Loan_1stInstallmentPayments -->
  <testcase name="Loan_PaymentinCSRPortel_Void" time="0.0" classname="pack.AA_CO_ILP">
    <skipped/>
  </testcase> <!-- Loan_PaymentinCSRPortel_Void -->
  <testcase name="Loan_Pmt1stInstdate_Pmt2ndInstdate_void_EODBatch10days2Inst_payoff_" time="0.0" classname="pack.AA_CO_ILP">
    <skipped/>
  </testcase> <!-- Loan_Pmt1stInstdate_Pmt2ndInstdate_void_EODBatch10days2Inst_payoff_ -->
  <testcase name="Loan_Deposit_Rtn_payoff" time="0.0" classname="pack.AA_CO_ILP">
    <skipped/>
  </testcase> <!-- Loan_Deposit_Rtn_payoff -->
  <testcase name="Loan_Deposit_Rtn_clear_2InstDeposit_Return_EODBatchprocess_payoff" time="0.0" classname="pack.AA_CO_ILP">
    <skipped/>
  </testcase> <!-- Loan_Deposit_Rtn_clear_2InstDeposit_Return_EODBatchprocess_payoff -->
  <testcase name="Loan_Deposit_Rtn_Payoff_Void" time="0.0" classname="pack.AA_CO_ILP">
    <skipped/>
  </testcase> <!-- Loan_Deposit_Rtn_Payoff_Void -->
  <testcase name="Loan_DepositACH_" time="0.0" classname="pack.AA_CO_ILP">
    <skipped/>
  </testcase> <!-- Loan_DepositACH_ -->
  <testcase name="Loan_1stInstpartialpayment_1stInstdeposit_" time="0.0" classname="pack.AA_CO_ILP">
    <skipped/>
  </testcase> <!-- Loan_1stInstpartialpayment_1stInstdeposit_ -->
  <testcase name="AA_Loan_ACHRevoke_1stInsatallmentDeposit" time="0.0" classname="pack.AA_CO_ILP">
    <skipped/>
  </testcase> <!-- AA_Loan_ACHRevoke_1stInsatallmentDeposit -->
  <testcase name="AA_Loan_ACHRevoke_1stInsatallmentPayment_ACHAuthorization_2ndIsatallmentDeposit" time="0.0" classname="pack.AA_CO_ILP">
    <skipped/>
  </testcase> <!-- AA_Loan_ACHRevoke_1stInsatallmentPayment_ACHAuthorization_2ndIsatallmentDeposit -->
  <testcase name="Loan_1stInstDeposit_Rtn" time="0.0" classname="pack.AA_CO_ILP">
    <skipped/>
  </testcase> <!-- Loan_1stInstDeposit_Rtn -->
  <testcase name="Loan_1stParPmt_1stDep_Ret_" time="0.0" classname="pack.AA_CO_ILP">
    <skipped/>
  </testcase> <!-- Loan_1stParPmt_1stDep_Ret_ -->
  <testcase name="AA_Loan_ACHRevoke_1stInsatallmentDeposit_Clear" time="0.0" classname="pack.AA_CO_ILP">
    <skipped/>
  </testcase> <!-- AA_Loan_ACHRevoke_1stInsatallmentDeposit_Clear -->
  <testcase name="Loan_PmtAllExceptLast_DepLast_Clear_Return_" time="0.0" classname="pack.AA_CO_ILP">
    <skipped/>
  </testcase> <!-- Loan_PmtAllExceptLast_DepLast_Clear_Return_ -->
  <testcase name="Login_Homescreen_Borrower_Registration_NewLoan_SemiMonthly" time="0.0" classname="pack.AA_CO_ILP">
    <skipped/>
  </testcase> <!-- Login_Homescreen_Borrower_Registration_NewLoan_SemiMonthly -->
  <testcase name="Loan_1stdeposit_clr_payoff_clear_return_" time="0.0" classname="pack.AA_CO_ILP">
    <skipped/>
  </testcase> <!-- Loan_1stdeposit_clr_payoff_clear_return_ -->
  <testcase name="AA_Loan1stInsatallmentEODbatchprocess_Cure_Default" time="0.0" classname="pack.AA_CO_ILP">
    <skipped/>
  </testcase> <!-- AA_Loan1stInsatallmentEODbatchprocess_Cure_Default -->
  <testcase name="AA_Loan1stInsatallmentEODbatchprocess_Cure_BeforeCureenddateDefault" time="0.0" classname="pack.AA_CO_ILP">
    <skipped/>
  </testcase> <!-- AA_Loan1stInsatallmentEODbatchprocess_Cure_BeforeCureenddateDefault -->
  <testcase name="Loan_PmtAllInstExceptLast_DFLTLastInst_" time="0.0" classname="pack.AA_CO_ILP">
    <skipped/>
  </testcase> <!-- Loan_PmtAllInstExceptLast_DFLTLastInst_ -->
  <testcase name="AA_Loan1stInsatallmentEODbatchprocess_Cure_1stInsatllPayment_CureenddateDefault" time="0.0" classname="pack.AA_CO_ILP">
    <skipped/>
  </testcase> <!-- AA_Loan1stInsatallmentEODbatchprocess_Cure_1stInsatllPayment_CureenddateDefault -->
  <testcase name="AA_Loan1stInsatallmentEODbatchprocess_Cure_Less1stInsatllPayment_CureenddateDefault" time="0.0" classname="pack.AA_CO_ILP">
    <skipped/>
  </testcase> <!-- AA_Loan1stInsatallmentEODbatchprocess_Cure_Less1stInsatllPayment_CureenddateDefault -->
  <testcase name="CO_ILP_Loan_DefaulPayment_Void" time="0.0" classname="pack.AA_CO_ILP">
    <skipped/>
  </testcase> <!-- CO_ILP_Loan_DefaulPayment_Void -->
  <testcase name="CO_ILP_Loan_DefaulPartialPayment_EncryptionVoid" time="0.0" classname="pack.AA_CO_ILP">
    <skipped/>
  </testcase> <!-- CO_ILP_Loan_DefaulPartialPayment_EncryptionVoid -->
  <testcase name="LonI_DFLT_Pymt_15percentofDFLTamt_EODbatchprocess_DFLTPLUS120" time="0.0" classname="pack.AA_CO_ILP">
    <skipped/>
  </testcase> <!-- LonI_DFLT_Pymt_15percentofDFLTamt_EODbatchprocess_DFLTPLUS120 -->
  <testcase name="LonI_DFLT_Pymt_20percentofDFLTamt_EODbatchprocess_DFLTPLUS60" time="0.0" classname="pack.AA_CO_ILP">
    <skipped/>
  </testcase> <!-- LonI_DFLT_Pymt_20percentofDFLTamt_EODbatchprocess_DFLTPLUS60 -->
  <testcase name="Loan_DFLT_WO_WORecFullWithAllTenderTypes_" time="0.0" classname="pack.AA_CO_ILP">
    <skipped/>
  </testcase> <!-- Loan_DFLT_WO_WORecFullWithAllTenderTypes_ -->
  <testcase name="Loan_DFLT_WO_WORecPartPmtWithAllTenderTypes_" time="0.0" classname="pack.AA_CO_ILP">
    <skipped/>
  </testcase> <!-- Loan_DFLT_WO_WORecPartPmtWithAllTenderTypes_ -->
  <testcase name="Loan_DFLT_WO_WORecFull_VoidWithAllTenderTypes" time="0.0" classname="pack.AA_CO_ILP">
    <skipped/>
  </testcase> <!-- Loan_DFLT_WO_WORecFull_VoidWithAllTenderTypes -->
  <testcase name="Loan_DFLT_WO_WORecPartPmt_VoidNextDay" time="0.0" classname="pack.AA_CO_ILP">
    <skipped/>
  </testcase> <!-- Loan_DFLT_WO_WORecPartPmt_VoidNextDay -->
  <testcase name="DFLTLoan_EPPConvert_PpayAllInst_VoidLastInst_" time="0.0" classname="pack.AA_CO_ILP">
    <skipped/>
  </testcase> <!-- DFLTLoan_EPPConvert_PpayAllInst_VoidLastInst_ -->
  <testcase name="Pick_ILP_WriteOff_ConvertEpp_DepositAllinstOnduedate_Clear" time="0.0" classname="pack.AA_CO_ILP">
    <skipped/>
  </testcase> <!-- Pick_ILP_WriteOff_ConvertEpp_DepositAllinstOnduedate_Clear -->
  <testcase name="Pick_ILP_WriteoffLoan_ConvertEPP_PPayAllInstallementBeforeDueDate_Void" time="0.0" classname="pack.AA_CO_ILP">
    <skipped/>
  </testcase> <!-- Pick_ILP_WriteoffLoan_ConvertEPP_PPayAllInstallementBeforeDueDate_Void -->
  <testcase name="LonI_WO_PPN_1stInstpymt_VoidPymt_RunEODbatch35daysfromduedate" time="0.0" classname="pack.AA_CO_ILP">
    <skipped/>
  </testcase> <!-- LonI_WO_PPN_1stInstpymt_VoidPymt_RunEODbatch35daysfromduedate -->
  <testcase name="CO_ILP_Loan_first_payment_BNK_Second_deposit" time="0.0" classname="pack.AA_CO_ILP">
    <skipped/>
  </testcase> <!-- CO_ILP_Loan_first_payment_BNK_Second_deposit -->
  <testcase name="LonI_Bnkrupt_Dismissed" time="0.0" classname="pack.AA_CO_ILP">
    <skipped/>
  </testcase> <!-- LonI_Bnkrupt_Dismissed -->
  <testcase name="LonI_Bnkrupt_Deceased" time="0.0" classname="pack.AA_CO_ILP">
    <skipped/>
  </testcase> <!-- LonI_Bnkrupt_Deceased -->
  <testcase name="LonI_Bnkrupt_Discharge" time="0.0" classname="pack.AA_CO_ILP">
    <skipped/>
  </testcase> <!-- LonI_Bnkrupt_Discharge -->
  <testcase name="LonI_Deceased" time="0.0" classname="pack.AA_CO_ILP">
    <skipped/>
  </testcase> <!-- LonI_Deceased -->
  <testcase name="LonI_DFLT_PPN_BNK_1InstDeposit" time="0.0" classname="pack.AA_CO_ILP">
    <skipped/>
  </testcase> <!-- LonI_DFLT_PPN_BNK_1InstDeposit -->
  <testcase name="Loan_1stpayment_activemilitary_2ndpayment_" time="0.0" classname="pack.AA_CO_ILP">
    <skipped/>
  </testcase> <!-- Loan_1stpayment_activemilitary_2ndpayment_ -->
  <testcase name="LonI_IstInstPayment_ACTM_2ndInstDeposit_Verify_Record" time="0.0" classname="pack.AA_CO_ILP">
    <skipped/>
  </testcase> <!-- LonI_IstInstPayment_ACTM_2ndInstDeposit_Verify_Record -->
  <testcase name="LonI_IstInstPayment_ACTM_ACHRevoke_2ndInstDeposit_Verify_Record" time="0.0" classname="pack.AA_CO_ILP">
    <skipped/>
  </testcase> <!-- LonI_IstInstPayment_ACTM_ACHRevoke_2ndInstDeposit_Verify_Record -->
  <testcase name="DFLTLoan_EPPConvert_DepositAll_ClearAll_" time="0.0" classname="pack.AA_CO_ILP">
    <skipped/>
  </testcase> <!-- DFLTLoan_EPPConvert_DepositAll_ClearAll_ -->
  <testcase name="Loan_Bankrupt_Void_" time="0.0" classname="pack.AA_CO_ILP">
    <skipped/>
  </testcase> <!-- Loan_Bankrupt_Void_ -->
  <testcase name="DFLTLoan_EPPConvert_PpayAllInst_" time="0.0" classname="pack.AA_CO_ILP">
    <skipped/>
  </testcase> <!-- DFLTLoan_EPPConvert_PpayAllInst_ -->
</testsuite> <!-- Default test -->
