<?xml version="1.0" encoding="UTF-8"?>
<!-- Generated by org.testng.reporters.JUnitXMLReporter -->
<testsuite hostname="QTLSYS2-34" ignored="14" name="Test" tests="1" failures="0" timestamp="03 Aug 2020 13:39:27 GMT" time="154.244" errors="0">
  <testcase name="BorrRegistration_NewLoan_performRPP_shouldnotallow" time="145.736" classname="pack.AA_PDL_RULE"/>
  <testcase name="BorrRegistration_NewLoan_Dueamount_greaterthan100_WPNallow" time="0.0" classname="pack.AA_PDL_RULE">
    <ignored/>
  </testcase> <!-- BorrRegistration_NewLoan_Dueamount_greaterthan100_WPNallow -->
  <testcase name="BorrRegistration_NewLoan_Defferduedate_shouldnotbeallow" time="0.0" classname="pack.AA_PDL_RULE">
    <ignored/>
  </testcase> <!-- BorrRegistration_NewLoan_Defferduedate_shouldnotbeallow -->
  <testcase name="BorrRegistration_NewLoan_WAP_Minimum_installments2" time="0.0" classname="pack.AA_PDL_RULE">
    <ignored/>
  </testcase> <!-- BorrRegistration_NewLoan_WAP_Minimum_installments2 -->
  <testcase name="BorrRegistration_NewLoan_CheckstatusRTN_afterRPP" time="0.0" classname="pack.AA_PDL_RULE">
    <ignored/>
  </testcase> <!-- BorrRegistration_NewLoan_CheckstatusRTN_afterRPP -->
  <testcase name="BorrRegistration_NewLoan_Deposit_Beforeduedate_Recordnotdisplayed" time="0.0" classname="pack.AA_PDL_RULE">
    <ignored/>
  </testcase> <!-- BorrRegistration_NewLoan_Deposit_Beforeduedate_Recordnotdisplayed -->
  <testcase name="BorrRegistration_NewLoan_Partialpayment_secondtendertype_Enable" time="0.0" classname="pack.AA_PDL_RULE">
    <ignored/>
  </testcase> <!-- BorrRegistration_NewLoan_Partialpayment_secondtendertype_Enable -->
  <testcase name="BorrRegistration_NewLoan_performRPP_validate_colletaraltypes" time="0.0" classname="pack.AA_PDL_RULE">
    <ignored/>
  </testcase> <!-- BorrRegistration_NewLoan_performRPP_validate_colletaraltypes -->
  <testcase name="BorrRegistration_NewLoan_performRPP_shouldbeallow" time="0.0" classname="pack.AA_PDL_RULE">
    <ignored/>
  </testcase> <!-- BorrRegistration_NewLoan_performRPP_shouldbeallow -->
  <testcase name="BorrRegistration_NewLoan_Before_Duedate_WPNallow" time="0.0" classname="pack.AA_PDL_RULE">
    <ignored/>
  </testcase> <!-- BorrRegistration_NewLoan_Before_Duedate_WPNallow -->
  <testcase name="BorrRegistration_NewLoan_performRPP_Processingfee15" time="0.0" classname="pack.AA_PDL_RULE">
    <ignored/>
  </testcase> <!-- BorrRegistration_NewLoan_performRPP_Processingfee15 -->
  <testcase name="BorrRegistration_NewLoan_performRPP_InRescinddays" time="0.0" classname="pack.AA_PDL_RULE">
    <ignored/>
  </testcase> <!-- BorrRegistration_NewLoan_performRPP_InRescinddays -->
  <testcase name="BorrRegistration_NewLoan_ACH_effectivedate_shouldbesame_duedate" time="0.0" classname="pack.AA_PDL_RULE">
    <ignored/>
  </testcase> <!-- BorrRegistration_NewLoan_ACH_effectivedate_shouldbesame_duedate -->
  <testcase name="BorrRegistration_NewLoan_Partialpayment_secondtendertype_notEnable" time="0.0" classname="pack.AA_PDL_RULE">
    <ignored/>
  </testcase> <!-- BorrRegistration_NewLoan_Partialpayment_secondtendertype_notEnable -->
  <testcase name="BorrRegistration_NewLoan_prenote_6daysbeforepaymentdate" time="0.0" classname="pack.AA_PDL_RULE">
    <ignored/>
  </testcase> <!-- BorrRegistration_NewLoan_prenote_6daysbeforepaymentdate -->
</testsuite> <!-- Test -->
